2021-05-08 22:54:04,115 [INFO] Activator:170 - 


2021-05-08 22:54:04,118 [INFO] Activator:171 - !SESSION log4j initialized
2021-05-08 22:58:35,459 [INFO] Activator:170 - 


2021-05-08 22:58:35,461 [INFO] Activator:171 - !SESSION log4j initialized
2021-05-08 22:59:06,349 [INFO] McuFinderGlobals:39 - Set McuFinder mode to 2 (CubeIDE integrated)
2021-05-08 22:59:06,431 [INFO] ApplicationProperties:181 - Using Application install path: /opt/st/stm32cubeide_1.6.0/plugins/com.st.stm32cube.common.mx_6.2.0.202102191602
2021-05-08 22:59:06,440 [INFO] DbMcusXml:74 - Set database path to: /opt/st/stm32cubeide_1.6.0/plugins/com.st.stm32cube.common.mx_6.2.0.202102191602//db//mcu/
2021-05-08 22:59:06,444 [INFO] DbBoardsPdsc:56 - Set plugin database path to: /opt/st/stm32cubeide_1.6.0/plugins/com.st.stm32cube.common.mx_6.2.0.202102191602//db//plugins/boardmanager/
2021-05-08 22:59:06,444 [INFO] DbMcus:258 - Set plugin images path to: /opt/st/stm32cubeide_1.6.0/plugins/com.st.stm32cube.common.mx_6.2.0.202102191602//db//plugins/mcufinder/images/
2021-05-08 22:59:06,444 [INFO] DbBoards:264 - Set plugin images path to: /opt/st/stm32cubeide_1.6.0/plugins/com.st.stm32cube.common.mx_6.2.0.202102191602//db//plugins/mcufinder/images/
2021-05-08 22:59:06,446 [INFO] DbExamples:333 - Set plugin images path to: /opt/st/stm32cubeide_1.6.0/plugins/com.st.stm32cube.common.mx_6.2.0.202102191602//db//plugins/mcufinder/images/
2021-05-08 22:59:06,450 [INFO] DbMcusAds:85 - Set database path to: /home/ashish/.stmcufinder/plugins/mcufinder//mcu/
2021-05-08 22:59:06,451 [INFO] DbMcusDocs:110 - Set database path to: /home/ashish/.stmcufinder/plugins/mcufinder//mcu/
2021-05-08 22:59:06,452 [INFO] DbMcusJson:65 - Set database path to: /home/ashish/.stmcufinder/plugins/mcufinder//mcu/
2021-05-08 22:59:06,453 [INFO] DbBoardsDocs:110 - Set database path to: /home/ashish/.stmcufinder/plugins/mcufinder//mcu/
2021-05-08 22:59:06,454 [INFO] DbBoardsJson:58 - Set database path to: /home/ashish/.stmcufinder/plugins/mcufinder//mcu/
2021-05-08 22:59:06,461 [INFO] CrossReferenceDbSqlite:196 - Set database path to: /home/ashish/.stmcufinder/plugins/mcufinder//mcu/cs/
2021-05-08 22:59:06,463 [INFO] DbExamplesSqlite:690 - Set database path to: /home/ashish/.stmcufinder/plugins/mcufinder//mcu/
2021-05-08 22:59:06,554 [INFO] RulesReader:52 - Compatibility file has been processed (237 Rules)
2021-05-08 22:59:06,603 [INFO] MicroXplorer:622 - Detected Java Version = 11.0.9.1
2021-05-08 22:59:06,604 [INFO] DbMcusXml:74 - Set database path to: /opt/st/stm32cubeide_1.6.0/plugins/com.st.stm32cube.common.mx_6.2.0.202102191602//db//mcu/
2021-05-08 22:59:06,605 [INFO] DbBoardsPdsc:56 - Set plugin database path to: /opt/st/stm32cubeide_1.6.0/plugins/com.st.stm32cube.common.mx_6.2.0.202102191602//db//plugins/boardmanager/
2021-05-08 22:59:06,605 [INFO] DbMcus:258 - Set plugin images path to: /opt/st/stm32cubeide_1.6.0/plugins/com.st.stm32cube.common.mx_6.2.0.202102191602//db//plugins/mcufinder/images/
2021-05-08 22:59:06,605 [INFO] DbBoards:264 - Set plugin images path to: /opt/st/stm32cubeide_1.6.0/plugins/com.st.stm32cube.common.mx_6.2.0.202102191602//db//plugins/mcufinder/images/
2021-05-08 22:59:06,605 [INFO] DbExamples:333 - Set plugin images path to: /opt/st/stm32cubeide_1.6.0/plugins/com.st.stm32cube.common.mx_6.2.0.202102191602//db//plugins/mcufinder/images/
2021-05-08 22:59:06,605 [WARN] DbFile:35 - Overriding database path with different value: /home/ashish/.stmcufinder/plugins/mcufinder/ => /home/ashish/.stmcufinder/plugins/mcufinder
2021-05-08 22:59:06,605 [INFO] DbMcusAds:85 - Set database path to: /home/ashish/.stmcufinder/plugins/mcufinder//mcu/
2021-05-08 22:59:06,605 [WARN] DbFile:35 - Overriding database path with different value: /home/ashish/.stmcufinder/plugins/mcufinder/ => /home/ashish/.stmcufinder/plugins/mcufinder
2021-05-08 22:59:06,606 [INFO] DbMcusDocs:110 - Set database path to: /home/ashish/.stmcufinder/plugins/mcufinder//mcu/
2021-05-08 22:59:06,606 [WARN] DbFile:35 - Overriding database path with different value: /home/ashish/.stmcufinder/plugins/mcufinder/ => /home/ashish/.stmcufinder/plugins/mcufinder
2021-05-08 22:59:06,606 [INFO] DbMcusJson:65 - Set database path to: /home/ashish/.stmcufinder/plugins/mcufinder//mcu/
2021-05-08 22:59:06,606 [WARN] DbFile:35 - Overriding database path with different value: /home/ashish/.stmcufinder/plugins/mcufinder/ => /home/ashish/.stmcufinder/plugins/mcufinder
2021-05-08 22:59:06,606 [INFO] DbBoardsDocs:110 - Set database path to: /home/ashish/.stmcufinder/plugins/mcufinder//mcu/
2021-05-08 22:59:06,606 [WARN] DbFile:35 - Overriding database path with different value: /home/ashish/.stmcufinder/plugins/mcufinder/ => /home/ashish/.stmcufinder/plugins/mcufinder
2021-05-08 22:59:06,606 [INFO] DbBoardsJson:58 - Set database path to: /home/ashish/.stmcufinder/plugins/mcufinder//mcu/
2021-05-08 22:59:06,607 [WARN] DbFile:35 - Overriding database path with different value: /home/ashish/.stmcufinder/plugins/mcufinder/ => /home/ashish/.stmcufinder/plugins/mcufinder
2021-05-08 22:59:06,607 [WARN] DbFile:35 - Overriding database path with different value: /home/ashish/.stmcufinder/plugins/mcufinder/ => /home/ashish/.stmcufinder/plugins/mcufinder
2021-05-08 22:59:06,607 [INFO] CrossReferenceDbSqlite:196 - Set database path to: /home/ashish/.stmcufinder/plugins/mcufinder//mcu/cs/
2021-05-08 22:59:06,607 [WARN] DbFile:35 - Overriding database path with different value: /home/ashish/.stmcufinder/plugins/mcufinder/ => /home/ashish/.stmcufinder/plugins/mcufinder
2021-05-08 22:59:06,607 [INFO] DbExamplesSqlite:690 - Set database path to: /home/ashish/.stmcufinder/plugins/mcufinder//mcu/
2021-05-08 22:59:06,658 [INFO] MainPanel:204 - HeapMemory: 268435456
2021-05-08 22:59:06,718 [INFO] DbMcusXml:74 - Set database path to: /opt/st/stm32cubeide_1.6.0/plugins/com.st.stm32cube.common.mx_6.2.0.202102191602//db//mcu/
2021-05-08 22:59:06,718 [INFO] DbBoardsPdsc:56 - Set plugin database path to: /opt/st/stm32cubeide_1.6.0/plugins/com.st.stm32cube.common.mx_6.2.0.202102191602//db//plugins/boardmanager/
2021-05-08 22:59:06,718 [INFO] DbMcus:258 - Set plugin images path to: /opt/st/stm32cubeide_1.6.0/plugins/com.st.stm32cube.common.mx_6.2.0.202102191602//db//plugins/mcufinder/images/
2021-05-08 22:59:06,718 [INFO] DbBoards:264 - Set plugin images path to: /opt/st/stm32cubeide_1.6.0/plugins/com.st.stm32cube.common.mx_6.2.0.202102191602//db//plugins/mcufinder/images/
2021-05-08 22:59:06,719 [INFO] DbExamples:333 - Set plugin images path to: /opt/st/stm32cubeide_1.6.0/plugins/com.st.stm32cube.common.mx_6.2.0.202102191602//db//plugins/mcufinder/images/
2021-05-08 22:59:06,719 [WARN] DbFile:35 - Overriding database path with different value: /home/ashish/.stmcufinder/plugins/mcufinder/ => /home/ashish/.stmcufinder/plugins/mcufinder
2021-05-08 22:59:06,719 [INFO] DbMcusAds:85 - Set database path to: /home/ashish/.stmcufinder/plugins/mcufinder//mcu/
2021-05-08 22:59:06,719 [WARN] DbFile:35 - Overriding database path with different value: /home/ashish/.stmcufinder/plugins/mcufinder/ => /home/ashish/.stmcufinder/plugins/mcufinder
2021-05-08 22:59:06,719 [INFO] DbMcusDocs:110 - Set database path to: /home/ashish/.stmcufinder/plugins/mcufinder//mcu/
2021-05-08 22:59:06,719 [WARN] DbFile:35 - Overriding database path with different value: /home/ashish/.stmcufinder/plugins/mcufinder/ => /home/ashish/.stmcufinder/plugins/mcufinder
2021-05-08 22:59:06,719 [INFO] DbMcusJson:65 - Set database path to: /home/ashish/.stmcufinder/plugins/mcufinder//mcu/
2021-05-08 22:59:06,719 [WARN] DbFile:35 - Overriding database path with different value: /home/ashish/.stmcufinder/plugins/mcufinder/ => /home/ashish/.stmcufinder/plugins/mcufinder
2021-05-08 22:59:06,719 [INFO] DbBoardsDocs:110 - Set database path to: /home/ashish/.stmcufinder/plugins/mcufinder//mcu/
2021-05-08 22:59:06,720 [WARN] DbFile:35 - Overriding database path with different value: /home/ashish/.stmcufinder/plugins/mcufinder/ => /home/ashish/.stmcufinder/plugins/mcufinder
2021-05-08 22:59:06,720 [INFO] DbBoardsJson:58 - Set database path to: /home/ashish/.stmcufinder/plugins/mcufinder//mcu/
2021-05-08 22:59:06,720 [WARN] DbFile:35 - Overriding database path with different value: /home/ashish/.stmcufinder/plugins/mcufinder/ => /home/ashish/.stmcufinder/plugins/mcufinder
2021-05-08 22:59:06,720 [WARN] DbFile:35 - Overriding database path with different value: /home/ashish/.stmcufinder/plugins/mcufinder/ => /home/ashish/.stmcufinder/plugins/mcufinder
2021-05-08 22:59:06,720 [INFO] CrossReferenceDbSqlite:196 - Set database path to: /home/ashish/.stmcufinder/plugins/mcufinder//mcu/cs/
2021-05-08 22:59:06,720 [WARN] DbFile:35 - Overriding database path with different value: /home/ashish/.stmcufinder/plugins/mcufinder/ => /home/ashish/.stmcufinder/plugins/mcufinder
2021-05-08 22:59:06,720 [INFO] DbExamplesSqlite:690 - Set database path to: /home/ashish/.stmcufinder/plugins/mcufinder//mcu/
2021-05-08 22:59:06,733 [INFO] ApplicationProperties:181 - Using Application install path: /opt/st/stm32cubeide_1.6.0/plugins/com.st.stm32cube.common.mx_6.2.0.202102191602
2021-05-08 22:59:06,734 [INFO] PluginManage:178 - Search for loadable plugins [exclusion list=, ]
2021-05-08 22:59:06,735 [INFO] PluginManage:292 - Check plugin analytics
2021-05-08 22:59:06,864 [INFO] AnalyticsPlugin:233 - Accepted Software Licenses: 
2021-05-08 22:59:06,864 [INFO] AnalyticsPlugin:235 - Accepted CMSIS Pack Licenses: 
2021-05-08 22:59:06,864 [INFO] AnalyticsPlugin:237 - Accepted Firmware Licenses: 
2021-05-08 22:59:06,865 [INFO] PluginManage:342 - Loaded plugin analytics (category:tool,tabindex:-1)
2021-05-08 22:59:06,865 [INFO] PluginManage:292 - Check plugin clock
2021-05-08 22:59:06,878 [INFO] PluginManage:342 - Loaded plugin clock (category:base,tabindex:2)
2021-05-08 22:59:06,878 [INFO] PluginManage:292 - Check plugin ddr
2021-05-08 22:59:06,880 [INFO] PluginManage:342 - Loaded plugin ddr (category:tool,tabindex:6)
2021-05-08 22:59:06,881 [INFO] PluginManage:292 - Check plugin filemanager
2021-05-08 22:59:06,992 [INFO] PluginManage:342 - Loaded plugin filemanager (category:base,tabindex:10)
2021-05-08 22:59:06,993 [INFO] PluginManage:292 - Check plugin ipmanager
2021-05-08 22:59:06,999 [INFO] PluginManage:342 - Loaded plugin ipmanager (category:base,tabindex:5)
2021-05-08 22:59:06,999 [INFO] PluginManage:292 - Check plugin pinoutandconfiguration
2021-05-08 22:59:07,008 [INFO] PluginManage:342 - Loaded plugin pinoutandconfiguration (category:base,tabindex:1)
2021-05-08 22:59:07,009 [INFO] PluginManage:292 - Check plugin pinoutconfig
2021-05-08 22:59:07,028 [INFO] PluginManage:342 - Loaded plugin pinoutconfig (category:base,tabindex:0)
2021-05-08 22:59:07,028 [INFO] PluginManage:292 - Check plugin power
2021-05-08 22:59:07,036 [INFO] PluginManage:342 - Loaded plugin power (category:power,tabindex:4)
2021-05-08 22:59:07,036 [INFO] PluginManage:292 - Check plugin projectmanager
2021-05-08 22:59:07,049 [INFO] PluginManage:342 - Loaded plugin projectmanager (category:projectmanager,tabindex:3)
2021-05-08 22:59:07,049 [INFO] PluginManage:292 - Check plugin thirdparty
2021-05-08 22:59:07,148 [INFO] PluginManage:342 - Loaded plugin thirdparty (category:base,tabindex:-1)
2021-05-08 22:59:07,148 [WARN] IntegrityCheckThread:59 - waiting for thirdparty lock release [integrity check]
2021-05-08 22:59:07,148 [INFO] PluginManage:292 - Check plugin tools
2021-05-08 22:59:07,149 [INFO] IntegrityCheckThread:61 - entering critical section [integrity check]
2021-05-08 22:59:07,149 [INFO] ThirdPartyUpdaterWithRetryManager:56 - Updater plugin not ready yet. [1/15]
2021-05-08 22:59:07,151 [INFO] PluginManage:342 - Loaded plugin tools (category:base,tabindex:7)
2021-05-08 22:59:07,151 [INFO] PluginManage:292 - Check plugin tutovideos
2021-05-08 22:59:07,309 [INFO] PluginManage:342 - Loaded plugin tutovideos (category:base,tabindex:-1)
2021-05-08 22:59:07,310 [INFO] PluginManage:292 - Check plugin updater
2021-05-08 22:59:07,323 [INFO] PluginManage:342 - Loaded plugin updater (category:base,tabindex:12)
2021-05-08 22:59:07,324 [INFO] PluginManage:265 - PluginManage : Loaded plugins [13]
2021-05-08 22:59:07,597 [INFO] PinOutPanel:1435 - setPackage(No Configuration,No Configuration)
2021-05-08 22:59:07,659 [INFO] IPUIPlugin:64 - create IPUIPlugin
2021-05-08 22:59:07,660 [INFO] PluginManager:203 - loadIPPluginJar : add dma
2021-05-08 22:59:07,662 [INFO] IPUIPlugin:64 - create IPUIPlugin
2021-05-08 22:59:07,662 [INFO] PluginManager:203 - loadIPPluginJar : add tsc
2021-05-08 22:59:07,664 [INFO] IPUIPlugin:64 - create IPUIPlugin
2021-05-08 22:59:07,664 [INFO] PluginManager:203 - loadIPPluginJar : add fatfs
2021-05-08 22:59:07,668 [INFO] IPUIPlugin:64 - create IPUIPlugin
2021-05-08 22:59:07,669 [INFO] PluginManager:203 - loadIPPluginJar : add i2s
2021-05-08 22:59:07,671 [INFO] IPUIPlugin:64 - create IPUIPlugin
2021-05-08 22:59:07,671 [INFO] PluginManager:203 - loadIPPluginJar : add i2c
2021-05-08 22:59:07,672 [INFO] IPUIPlugin:64 - create IPUIPlugin
2021-05-08 22:59:07,672 [INFO] PluginManager:203 - loadIPPluginJar : add genericplugin
2021-05-08 22:59:07,676 [INFO] IPUIPlugin:64 - create IPUIPlugin
2021-05-08 22:59:07,676 [INFO] PluginManager:203 - loadIPPluginJar : add gpio
2021-05-08 22:59:07,678 [INFO] IPUIPlugin:64 - create IPUIPlugin
2021-05-08 22:59:07,678 [INFO] PluginManager:203 - loadIPPluginJar : add dfsdm
2021-05-08 22:59:07,680 [INFO] IPUIPlugin:64 - create IPUIPlugin
2021-05-08 22:59:07,680 [INFO] PluginManager:203 - loadIPPluginJar : add can
2021-05-08 22:59:07,683 [INFO] IPUIPlugin:64 - create IPUIPlugin
2021-05-08 22:59:07,683 [INFO] PluginManager:203 - loadIPPluginJar : add mdma
2021-05-08 22:59:07,686 [INFO] IPUIPlugin:64 - create IPUIPlugin
2021-05-08 22:59:07,687 [INFO] PluginManager:203 - loadIPPluginJar : add sai
2021-05-08 22:59:07,689 [INFO] IPUIPlugin:64 - create IPUIPlugin
2021-05-08 22:59:07,689 [INFO] PluginManager:203 - loadIPPluginJar : add spi
2021-05-08 22:59:07,692 [INFO] IPUIPlugin:64 - create IPUIPlugin
2021-05-08 22:59:07,692 [INFO] PluginManager:203 - loadIPPluginJar : add gtzc
2021-05-08 22:59:07,694 [INFO] IPUIPlugin:64 - create IPUIPlugin
2021-05-08 22:59:07,694 [INFO] PluginManager:203 - loadIPPluginJar : add usart
2021-05-08 22:59:07,698 [INFO] IPUIPlugin:64 - create IPUIPlugin
2021-05-08 22:59:07,698 [INFO] PluginManager:203 - loadIPPluginJar : add resmgrutility
2021-05-08 22:59:07,701 [INFO] IPUIPlugin:64 - create IPUIPlugin
2021-05-08 22:59:07,701 [INFO] PluginManager:203 - loadIPPluginJar : add fmc
2021-05-08 22:59:07,703 [INFO] IPUIPlugin:64 - create IPUIPlugin
2021-05-08 22:59:07,703 [INFO] PluginManager:203 - loadIPPluginJar : add pdm2pcm
2021-05-08 22:59:07,705 [INFO] IPUIPlugin:64 - create IPUIPlugin
2021-05-08 22:59:07,705 [INFO] PluginManager:203 - loadIPPluginJar : add openamp
2021-05-08 22:59:07,708 [INFO] IPUIPlugin:64 - create IPUIPlugin
2021-05-08 22:59:07,708 [INFO] PluginManager:203 - loadIPPluginJar : add opamp
2021-05-08 22:59:07,714 [INFO] IPUIPlugin:64 - create IPUIPlugin
2021-05-08 22:59:07,715 [INFO] PluginManager:203 - loadIPPluginJar : add freertos
2021-05-08 22:59:07,719 [INFO] IPUIPlugin:64 - create IPUIPlugin
2021-05-08 22:59:07,720 [INFO] PluginManager:203 - loadIPPluginJar : add gic
2021-05-08 22:59:07,721 [INFO] IPUIPlugin:64 - create IPUIPlugin
2021-05-08 22:59:07,721 [INFO] PluginManager:203 - loadIPPluginJar : add hash
2021-05-08 22:59:07,723 [INFO] IPUIPlugin:64 - create IPUIPlugin
2021-05-08 22:59:07,723 [INFO] PluginManager:203 - loadIPPluginJar : add ltdc
2021-05-08 22:59:07,728 [INFO] IPUIPlugin:64 - create IPUIPlugin
2021-05-08 22:59:07,728 [INFO] PluginManager:203 - loadIPPluginJar : add adc
2021-05-08 22:59:07,729 [INFO] IPUIPlugin:64 - create IPUIPlugin
2021-05-08 22:59:07,729 [INFO] PluginManager:203 - loadIPPluginJar : add ucpd
2021-05-08 22:59:07,734 [INFO] IPUIPlugin:64 - create IPUIPlugin
2021-05-08 22:59:07,736 [INFO] PluginManager:203 - loadIPPluginJar : add plateformsettings
2021-05-08 22:59:07,738 [INFO] IPUIPlugin:64 - create IPUIPlugin
2021-05-08 22:59:07,738 [INFO] PluginManager:203 - loadIPPluginJar : add gfxmmu
2021-05-08 22:59:07,740 [INFO] IPUIPlugin:64 - create IPUIPlugin
2021-05-08 22:59:07,740 [INFO] PluginManager:203 - loadIPPluginJar : add cryp
2021-05-08 22:59:07,743 [INFO] IPUIPlugin:64 - create IPUIPlugin
2021-05-08 22:59:07,743 [INFO] PluginManager:203 - loadIPPluginJar : add nvic
2021-05-08 22:59:07,745 [INFO] IPUIPlugin:64 - create IPUIPlugin
2021-05-08 22:59:07,745 [INFO] PluginManager:203 - loadIPPluginJar : add aes
2021-05-08 22:59:07,746 [INFO] IPUIPlugin:64 - create IPUIPlugin
2021-05-08 22:59:07,746 [INFO] PluginManager:203 - loadIPPluginJar : add tracer_emb
2021-05-08 22:59:07,747 [INFO] IPUIPlugin:64 - create IPUIPlugin
2021-05-08 22:59:07,748 [INFO] PluginManager:203 - loadIPPluginJar : add quadspi
2021-05-08 22:59:07,750 [INFO] IPUIPlugin:64 - create IPUIPlugin
2021-05-08 22:59:07,750 [INFO] PluginManager:203 - loadIPPluginJar : add touchsensing
2021-05-08 22:59:07,752 [INFO] IPUIPlugin:64 - create IPUIPlugin
2021-05-08 22:59:07,752 [INFO] PluginManager:203 - loadIPPluginJar : add comp
2021-05-08 22:59:07,753 [INFO] IPUIPlugin:64 - create IPUIPlugin
2021-05-08 22:59:07,753 [INFO] PluginManager:203 - loadIPPluginJar : add ts
2021-05-08 22:59:07,756 [INFO] IPUIPlugin:64 - create IPUIPlugin
2021-05-08 22:59:07,757 [INFO] PluginManager:203 - loadIPPluginJar : add ipddr
2021-05-08 22:59:07,758 [INFO] IPUIPlugin:64 - create IPUIPlugin
2021-05-08 22:59:07,758 [INFO] PluginManager:203 - loadIPPluginJar : add tim
2021-05-08 22:59:07,761 [INFO] IPUIPlugin:64 - create IPUIPlugin
2021-05-08 22:59:07,762 [INFO] PluginManager:203 - loadIPPluginJar : add stm32_wpan
2021-05-08 22:59:07,763 [INFO] IPUIPlugin:64 - create IPUIPlugin
2021-05-08 22:59:07,763 [INFO] PluginManager:203 - loadIPPluginJar : add lorawan
2021-05-08 22:59:08,033 [FATAL] Updater:284 - Updater called before beeing initialized
2021-05-08 22:59:08,096 [FATAL] Updater:284 - Updater called before beeing initialized
2021-05-08 22:59:08,100 [INFO] DbMcusAds:132 - JSON generation date=Mon Mar 01 15:57:39 IST 2021 (1614594459504)
2021-05-08 22:59:08,100 [FATAL] Updater:284 - Updater called before beeing initialized
2021-05-08 22:59:08,131 [WARN] DetailPanel:315 - Failed to get advertising image, set to default
2021-05-08 22:59:08,300 [FATAL] Updater:284 - Updater called before beeing initialized
2021-05-08 22:59:08,302 [FATAL] Updater:284 - Updater called before beeing initialized
2021-05-08 22:59:08,302 [FATAL] Updater:284 - Updater called before beeing initialized
2021-05-08 22:59:08,302 [WARN] DetailPanel:315 - Failed to get advertising image, set to default
2021-05-08 22:59:08,303 [FATAL] Updater:284 - Updater called before beeing initialized
2021-05-08 22:59:08,325 [FATAL] Updater:284 - Updater called before beeing initialized
2021-05-08 22:59:08,326 [WARN] ThirdParty:796 - waiting for thirdparty lock release [close project]
2021-05-08 22:59:10,150 [INFO] ThirdPartyUpdaterWithRetryManager:56 - Updater plugin not ready yet. [2/15]
2021-05-08 22:59:13,151 [FATAL] Updater:284 - Updater called before beeing initialized
2021-05-08 22:59:13,151 [ERROR] AbstractThirdPartyUpdaterManager:153 - class java.lang.Integer cannot be cast to class java.util.List (java.lang.Integer and java.util.List are in module java.base of loader 'bootstrap')
2021-05-08 22:59:13,152 [INFO] ThirdParty:900 - Integrity check success = false
2021-05-08 22:59:13,152 [INFO] IntegrityCheckThread:75 - exiting critical section [integrity check]
2021-05-08 22:59:13,152 [INFO] IntegrityCheckThread:78 - End integrity checks thread
2021-05-08 22:59:13,152 [INFO] ThirdParty:798 - entering critical section [close project]
2021-05-08 22:59:13,154 [INFO] ThirdParty:809 - exiting critical section [close project]
2021-05-08 22:59:13,159 [INFO] PinOutPanel:1435 - setPackage(No Configuration,No Configuration)
2021-05-08 22:59:13,160 [FATAL] Updater:284 - Updater called before beeing initialized
2021-05-08 22:59:13,171 [INFO] Updater:1002 - Updater Version found : 6.2.0
2021-05-08 22:59:13,185 [INFO] ApplicationProperties:181 - Using Application install path: /opt/st/stm32cubeide_1.6.0/plugins/com.st.stm32cube.common.mx_6.2.0.202102191602
2021-05-08 22:59:13,501 [INFO] MainUpdater:2661 - connection check result : 10
2021-05-08 22:59:13,502 [INFO] MainUpdater:3349 - Updater definition file requires update
2021-05-08 22:59:13,503 [INFO] MainUpdater:255 - Updater Check For Update Now.
2021-05-08 22:59:13,503 [INFO] MicroXplorer:472 - Change Database Version : DB.6.0.20
2021-05-08 22:59:13,741 [INFO] ServerAccessManage:348 - Download File updaters.zip
2021-05-08 22:59:14,346 [INFO] FileExtend:225 - Unzip File : updaters.zip
2021-05-08 22:59:14,346 [INFO] FileExtend:240 - Standard Zip Deflate
2021-05-08 22:59:14,718 [INFO] ServerAccessManage:348 - Download File PacksControlFlags.xml
2021-05-08 22:59:15,099 [INFO] ServerAccessManage:348 - Download File cubemx.pidx
2021-05-08 22:59:15,612 [INFO] ServerAccessManage:348 - Download File STMicroelectronics.X-CUBE-BLE1.pdsc
2021-05-08 22:59:17,702 [ERROR] ServerAccessManage:947 - Problem, file not found on Server
2021-05-08 22:59:18,057 [INFO] CheckServerUpdateThread:102 - End of CheckServer Thread
2021-05-08 22:59:18,063 [WARN] PackLoader:226 - Cannot read IP mode file for STMicroelectronics.X-CUBE-BLE1.6.2.0
2021-05-08 22:59:18,064 [INFO] PopulateThirdPartyThread:50 - Ending populate Thread
2021-05-08 22:59:18,065 [INFO] ThirdParty:952 - CMSIS Pack Vendor :STMicroelectronics X-CUBE-BLE1 6.2.0
2021-05-08 22:59:18,065 [INFO] LoadServerUpdatesThread:329 - End of LoadServerUpdate Thread
2021-05-08 22:59:18,120 [INFO] MainUpdater:2661 - connection check result : 10
2021-05-08 22:59:18,275 [INFO] CrossSelectorPresenter:1330 - Cross Selector saved comparison directory: /home/ashish/.stmcufinder/plugins/mcufinder/mcu/cs_comparisons_mx
2021-05-08 22:59:18,280 [INFO] MultiScanPanel:200 - Auto-refresh data requested => check proxy status ongoing
2021-05-08 22:59:18,282 [INFO] FinderPluginLoader:87 - Searching for filters in installed packs
2021-05-08 22:59:18,283 [INFO] DbMcusXml:100 - Load MCU database from /opt/st/stm32cubeide_1.6.0/plugins/com.st.stm32cube.common.mx_6.2.0.202102191602//db//mcu/families.xml
2021-05-08 22:59:19,017 [INFO] DbMcusJson:94 - JSON generation date=Mon Feb 08 19:05:07 IST 2021 (1612791307)
2021-05-08 22:59:19,787 [INFO] DbMcus:175 - Found 1906 MCUs (1866 are supported by CubeMX, 1866 are visible in CubeMX)
2021-05-08 22:59:19,788 [INFO] ApiDb:251 - Load user favorites file /home/ashish/.stm32cubeide/favorites.mcus.txt: 0 item(s)
2021-05-08 22:59:19,788 [INFO] ApiDb:255 - User favorites MCUs=[]
2021-05-08 22:59:19,788 [INFO] DbMcus:187 - Set 0 / 0 favorites MCUs
2021-05-08 22:59:20,253 [WARN] DetailPanel:315 - Failed to get advertising image, set to default
2021-05-08 22:59:20,758 [INFO] DbBoardsPdsc:90 - Found 9 items
2021-05-08 22:59:20,762 [INFO] DbBoardsPdsc:90 - Found 24 items
2021-05-08 22:59:20,763 [INFO] DbBoardsPdsc:90 - Found 2 items
2021-05-08 22:59:20,770 [INFO] DbBoardsPdsc:90 - Found 46 items
2021-05-08 22:59:20,778 [INFO] DbBoardsPdsc:90 - Found 41 items
2021-05-08 22:59:20,782 [INFO] DbBoardsPdsc:90 - Found 33 items
2021-05-08 22:59:20,783 [INFO] DbBoardsPdsc:90 - Found 1 items
2021-05-08 22:59:20,785 [INFO] DbBoardsPdsc:90 - Found 5 items
2021-05-08 22:59:20,790 [WARN] DbBoardsPdsc:254 - Board STM32H7B3I-DK: unknown feature type=Audio, name=, username=Audio stereo codec with Headphone Amp (CS42L51-CNZ), n=1
2021-05-08 22:59:20,791 [WARN] DbBoardsPdsc:254 - Board STM32H735G-DK: unknown feature type=Audio, name=, username=Audio stereo codec with Headphone Amp (WM8994ECS/R), n=1
2021-05-08 22:59:20,791 [WARN] DbBoardsPdsc:254 - Board STM32WB5MM-DK: unknown feature type=, name=, username=Time-of-Flight and gesture-detection sensor, n=1
2021-05-08 22:59:20,791 [WARN] DbBoardsPdsc:254 - Board STM32WB5MM-DK: unknown feature type=, name=, username=3 push-buttons (2 users and 1 reset) and 1 touch key button, n=1
2021-05-08 22:59:20,791 [WARN] DbBoardsPdsc:254 - Board STM32WB5MM-DK: unknown feature type=, name=, username=Flexible power-supply options: ST-LINK/V2-1 USB connector, 5 V delivered by ARDUINO® or external connector, USB charger, or USB power, n=1
2021-05-08 22:59:20,792 [WARN] DbBoardsPdsc:254 - Board STM32WB5MM-DK: unknown feature type=, name=, username=On-board ST-LINK/V2-1 debugger/programmer with USB re-enumeration capability: Virtual COM port and debug port, n=1
2021-05-08 22:59:20,792 [WARN] DbBoardsPdsc:254 - Board STM32WB5MM-DK: unknown feature type=, name=, username=Comprehensive free software libraries and examples available with the STM32CubeWB MCU Package, n=1
2021-05-08 22:59:20,792 [WARN] DbBoardsPdsc:254 - Board STM32WB5MM-DK: unknown feature type=, name=, username=Support of a wide choice of Integrated Development Environments (IDEs) including IAR Embedded Workbench®, MDK-ARM, and STM32CubeIDE, n=1
2021-05-08 22:59:20,794 [WARN] DbBoardsPdsc:254 - Board STM32H7B3I-EVAL: unknown feature type=Audio, name=, username=Multi-Channel Audio Codec (CS42L51-CNZ), n=1
2021-05-08 22:59:20,794 [WARN] DbBoardsPdsc:254 - Board STM32H7B3I-EVAL: unknown feature type=Meter, name=, username=Power-metering and Temperature-monitoring with sigma-delta modulators, n=1
2021-05-08 22:59:20,794 [WARN] DbBoardsPdsc:254 - Board STM32H7B3I-EVAL: unknown feature type=Motor, name=, username=Motor Control, n=1
2021-05-08 22:59:20,795 [WARN] DbBoardsPdsc:254 - Board NUCLEO-WB15CC: unknown feature type=, name=, username=Three user LEDs, n=1
2021-05-08 22:59:20,795 [WARN] DbBoardsPdsc:254 - Board NUCLEO-WB15CC: unknown feature type=, name=, username=One reset and three user push-buttons, n=1
2021-05-08 22:59:20,795 [WARN] DbBoardsPdsc:254 - Board NUCLEO-WB15CC: unknown feature type=, name=, username=Arduino Uno V3 expansion connector, n=1
2021-05-08 22:59:20,795 [WARN] DbBoardsPdsc:254 - Board NUCLEO-WB15CC: unknown feature type=, name=, username=ST morpho extension pin headers for full access to all STM32WB I/Os, n=1
2021-05-08 22:59:20,795 [WARN] DbBoardsPdsc:254 - Board NUCLEO-WB15CC: unknown feature type=, name=, username=Integrated PCB antenna and SMA connector footprint, n=1
2021-05-08 22:59:20,795 [WARN] DbBoardsPdsc:254 - Board NUCLEO-WB15CC: unknown feature type=, name=, username=Flexible power-supply options: ST-LINK, USB VBUS, or external sources, n=1
2021-05-08 22:59:20,795 [WARN] DbBoardsPdsc:254 - Board NUCLEO-WB15CC: unknown feature type=, name=, username=On-board footprint to mount a CR2032 battery socket, n=1
2021-05-08 22:59:20,795 [WARN] DbBoardsPdsc:254 - Board NUCLEO-WB15CC: unknown feature type=, name=, username=On-board ST-LINK/V2-1 debugger/programmer with USB re-enumeration capability: mass storage, Virtual COM port, and debug port, n=1
2021-05-08 22:59:20,795 [WARN] DbBoardsPdsc:254 - Board NUCLEO-WB15CC: unknown feature type=, name=, username=Comprehensive free software libraries and examples available with the STM32CubeWB MCU Package, n=1
2021-05-08 22:59:20,795 [WARN] DbBoardsPdsc:254 - Board NUCLEO-WB15CC: unknown feature type=, name=, username=Support of a wide choice of Integrated Development Environments (IDEs) including IAR Embedded Workbench, MDK-ARM, STM32CubeIDE, and Mbed Studio, n=1
2021-05-08 22:59:20,813 [INFO] DbBoardsJson:87 - JSON generation date=Thu Feb 04 22:23:45 IST 2021 (1612457625)
2021-05-08 22:59:20,818 [INFO] DbBoards:117 - Found 161 boards (158 are supported by CubeMX)
2021-05-08 22:59:20,827 [INFO] DbBoardsDocs:143 - JSON generation date=Mon Feb 08 19:05:07 IST 2021 (1612791307)
2021-05-08 22:59:20,844 [INFO] DbBoardsDocs:79 - Found 193 boards documents
2021-05-08 22:59:20,845 [WARN] DbBoards:127 - board B-L462E-CELL1 has no document id list !
2021-05-08 22:59:20,845 [WARN] DbBoards:127 - board B-L475E-IOT01A2 has no document id list !
2021-05-08 22:59:20,846 [WARN] DbBoards:127 - board NUCLEO-G0B1RE has no document id list !
2021-05-08 22:59:20,846 [WARN] DbBoards:127 - board NUCLEO-H743ZI2 has no document id list !
2021-05-08 22:59:20,847 [WARN] DbBoards:127 - board NUCLEO-L4A6ZG has no document id list !
2021-05-08 22:59:20,847 [WARN] DbBoards:127 - board NUCLEO-WB15CC has no document id list !
2021-05-08 22:59:20,847 [WARN] DbBoards:127 - board NUCLEO-WB55RG has no document id list !
2021-05-08 22:59:20,847 [WARN] DbBoards:127 - board NUCLEO-WL55JC2 has no document id list !
2021-05-08 22:59:20,847 [WARN] DbBoards:127 - board P-NUCLEO-WB55-Nucleo has no document id list !
2021-05-08 22:59:20,848 [WARN] DbBoards:127 - board P-NUCLEO-WB55-USBDongle has no document id list !
2021-05-08 22:59:20,848 [WARN] DbBoards:127 - board STEVAL-BFA001V1B has no document id list !
2021-05-08 22:59:20,848 [WARN] DbBoards:127 - board STEVAL-BFA001V2B has no document id list !
2021-05-08 22:59:20,848 [WARN] DbBoards:127 - board STEVAL-IDP005V1 has no document id list !
2021-05-08 22:59:20,848 [WARN] DbBoards:127 - board STEVAL-IDP005V2 has no document id list !
2021-05-08 22:59:20,848 [WARN] DbBoards:127 - board STEVAL-MKSBOX1V1 has no document id list !
2021-05-08 22:59:20,848 [WARN] DbBoards:127 - board STEVAL-STWINKT1 has no document id list !
2021-05-08 22:59:20,848 [WARN] DbBoards:127 - board STEVAL-STWINKT1B has no document id list !
2021-05-08 22:59:20,848 [WARN] DbBoards:127 - board STM32F401C-DISCO has no document id list !
2021-05-08 22:59:20,849 [WARN] DbBoards:127 - board STM32F769I-DISC1 has no document id list !
2021-05-08 22:59:20,849 [WARN] DbBoards:127 - board STM32G0C1E-EV has no document id list !
2021-05-08 22:59:20,849 [WARN] DbBoards:127 - board STM32G474E-EVAL1 has no document id list !
2021-05-08 22:59:20,849 [WARN] DbBoards:127 - board STM32H743I-EVAL2 has no document id list !
2021-05-08 22:59:20,849 [WARN] DbBoards:127 - board STM32H747I-DISC1 has no document id list !
2021-05-08 22:59:20,850 [WARN] DbBoards:127 - board STM32H753I-EVAL2 has no document id list !
2021-05-08 22:59:20,850 [WARN] DbBoards:127 - board STM32L-DISCOVERY has no document id list !
2021-05-08 22:59:20,850 [WARN] DbBoards:127 - board STM32MP157A-DK1 has no document id list !
2021-05-08 22:59:20,850 [WARN] DbBoards:127 - board STM32MP157F-DK2 has no document id list !
2021-05-08 22:59:20,850 [WARN] DbBoards:127 - board STM32MP157F-EV1 has no document id list !
2021-05-08 22:59:20,851 [WARN] DbBoards:127 - board STM32WB5MM-DK has no document id list !
2021-05-08 22:59:22,128 [INFO] ApiDb:251 - Load user favorites file /home/ashish/.stm32cubeide/favorites.boards.txt: 0 item(s)
2021-05-08 22:59:22,128 [INFO] ApiDb:255 - User favorites Boards=[]
2021-05-08 22:59:22,128 [INFO] DbBoards:206 - Set 0 / 0 favorites Boards
2021-05-08 22:59:33,829 [INFO] ApiDb:276 - Save user favorites file /home/ashish/.stm32cubeide/favorites.mcus.txt: 0 item(s)
2021-05-08 22:59:33,829 [INFO] ApiDb:280 - User favorites MCUs=[]
2021-05-08 23:07:45,968 [INFO] Activator:170 - 


2021-05-08 23:07:45,971 [INFO] Activator:171 - !SESSION log4j initialized
2021-05-08 23:44:31,012 [INFO] Activator:170 - 


2021-05-08 23:44:31,014 [INFO] Activator:171 - !SESSION log4j initialized
2021-06-05 16:03:00,513 [INFO] Activator:170 - 


2021-06-05 16:03:00,515 [INFO] Activator:171 - !SESSION log4j initialized
2021-06-05 16:07:33,923 [INFO] Activator:170 - 


2021-06-05 16:07:33,926 [INFO] Activator:171 - !SESSION log4j initialized
2021-06-05 16:08:00,590 [INFO] McuFinderGlobals:39 - Set McuFinder mode to 2 (CubeIDE integrated)
2021-06-05 16:08:00,665 [INFO] ApplicationProperties:181 - Using Application install path: /opt/st/stm32cubeide_1.6.0/plugins/com.st.stm32cube.common.mx_6.2.1.202103241236
2021-06-05 16:08:00,675 [INFO] DbMcusXml:74 - Set database path to: /opt/st/stm32cubeide_1.6.0/plugins/com.st.stm32cube.common.mx_6.2.1.202103241236//db//mcu/
2021-06-05 16:08:00,678 [INFO] DbBoardsPdsc:56 - Set plugin database path to: /opt/st/stm32cubeide_1.6.0/plugins/com.st.stm32cube.common.mx_6.2.1.202103241236//db//plugins/boardmanager/
2021-06-05 16:08:00,678 [INFO] DbMcus:258 - Set plugin images path to: /opt/st/stm32cubeide_1.6.0/plugins/com.st.stm32cube.common.mx_6.2.1.202103241236//db//plugins/mcufinder/images/
2021-06-05 16:08:00,678 [INFO] DbBoards:264 - Set plugin images path to: /opt/st/stm32cubeide_1.6.0/plugins/com.st.stm32cube.common.mx_6.2.1.202103241236//db//plugins/mcufinder/images/
2021-06-05 16:08:00,681 [INFO] DbExamples:333 - Set plugin images path to: /opt/st/stm32cubeide_1.6.0/plugins/com.st.stm32cube.common.mx_6.2.1.202103241236//db//plugins/mcufinder/images/
2021-06-05 16:08:00,685 [INFO] DbMcusAds:85 - Set database path to: /home/ashish/.stmcufinder/plugins/mcufinder//mcu/
2021-06-05 16:08:00,685 [INFO] DbMcusDocs:110 - Set database path to: /home/ashish/.stmcufinder/plugins/mcufinder//mcu/
2021-06-05 16:08:00,687 [INFO] DbMcusJson:65 - Set database path to: /home/ashish/.stmcufinder/plugins/mcufinder//mcu/
2021-06-05 16:08:00,687 [INFO] DbBoardsDocs:110 - Set database path to: /home/ashish/.stmcufinder/plugins/mcufinder//mcu/
2021-06-05 16:08:00,688 [INFO] DbBoardsJson:58 - Set database path to: /home/ashish/.stmcufinder/plugins/mcufinder//mcu/
2021-06-05 16:08:01,116 [INFO] CrossReferenceDbSqlite:196 - Set database path to: /home/ashish/.stmcufinder/plugins/mcufinder//mcu/cs/
2021-06-05 16:08:01,120 [INFO] DbExamplesSqlite:690 - Set database path to: /home/ashish/.stmcufinder/plugins/mcufinder//mcu/
2021-06-05 16:08:01,218 [INFO] RulesReader:52 - Compatibility file has been processed (237 Rules)
2021-06-05 16:08:01,271 [INFO] MicroXplorer:622 - Detected Java Version = 11.0.9.1
2021-06-05 16:08:01,272 [INFO] DbMcusXml:74 - Set database path to: /opt/st/stm32cubeide_1.6.0/plugins/com.st.stm32cube.common.mx_6.2.1.202103241236//db//mcu/
2021-06-05 16:08:01,272 [INFO] DbBoardsPdsc:56 - Set plugin database path to: /opt/st/stm32cubeide_1.6.0/plugins/com.st.stm32cube.common.mx_6.2.1.202103241236//db//plugins/boardmanager/
2021-06-05 16:08:01,273 [INFO] DbMcus:258 - Set plugin images path to: /opt/st/stm32cubeide_1.6.0/plugins/com.st.stm32cube.common.mx_6.2.1.202103241236//db//plugins/mcufinder/images/
2021-06-05 16:08:01,273 [INFO] DbBoards:264 - Set plugin images path to: /opt/st/stm32cubeide_1.6.0/plugins/com.st.stm32cube.common.mx_6.2.1.202103241236//db//plugins/mcufinder/images/
2021-06-05 16:08:01,273 [INFO] DbExamples:333 - Set plugin images path to: /opt/st/stm32cubeide_1.6.0/plugins/com.st.stm32cube.common.mx_6.2.1.202103241236//db//plugins/mcufinder/images/
2021-06-05 16:08:01,273 [WARN] DbFile:35 - Overriding database path with different value: /home/ashish/.stmcufinder/plugins/mcufinder/ => /home/ashish/.stmcufinder/plugins/mcufinder
2021-06-05 16:08:01,273 [INFO] DbMcusAds:85 - Set database path to: /home/ashish/.stmcufinder/plugins/mcufinder//mcu/
2021-06-05 16:08:01,273 [WARN] DbFile:35 - Overriding database path with different value: /home/ashish/.stmcufinder/plugins/mcufinder/ => /home/ashish/.stmcufinder/plugins/mcufinder
2021-06-05 16:08:01,273 [INFO] DbMcusDocs:110 - Set database path to: /home/ashish/.stmcufinder/plugins/mcufinder//mcu/
2021-06-05 16:08:01,273 [WARN] DbFile:35 - Overriding database path with different value: /home/ashish/.stmcufinder/plugins/mcufinder/ => /home/ashish/.stmcufinder/plugins/mcufinder
2021-06-05 16:08:01,274 [INFO] DbMcusJson:65 - Set database path to: /home/ashish/.stmcufinder/plugins/mcufinder//mcu/
2021-06-05 16:08:01,274 [WARN] DbFile:35 - Overriding database path with different value: /home/ashish/.stmcufinder/plugins/mcufinder/ => /home/ashish/.stmcufinder/plugins/mcufinder
2021-06-05 16:08:01,274 [INFO] DbBoardsDocs:110 - Set database path to: /home/ashish/.stmcufinder/plugins/mcufinder//mcu/
2021-06-05 16:08:01,274 [WARN] DbFile:35 - Overriding database path with different value: /home/ashish/.stmcufinder/plugins/mcufinder/ => /home/ashish/.stmcufinder/plugins/mcufinder
2021-06-05 16:08:01,274 [INFO] DbBoardsJson:58 - Set database path to: /home/ashish/.stmcufinder/plugins/mcufinder//mcu/
2021-06-05 16:08:01,274 [WARN] DbFile:35 - Overriding database path with different value: /home/ashish/.stmcufinder/plugins/mcufinder/ => /home/ashish/.stmcufinder/plugins/mcufinder
2021-06-05 16:08:01,274 [WARN] DbFile:35 - Overriding database path with different value: /home/ashish/.stmcufinder/plugins/mcufinder/ => /home/ashish/.stmcufinder/plugins/mcufinder
2021-06-05 16:08:01,274 [INFO] CrossReferenceDbSqlite:196 - Set database path to: /home/ashish/.stmcufinder/plugins/mcufinder//mcu/cs/
2021-06-05 16:08:01,274 [WARN] DbFile:35 - Overriding database path with different value: /home/ashish/.stmcufinder/plugins/mcufinder/ => /home/ashish/.stmcufinder/plugins/mcufinder
2021-06-05 16:08:01,275 [INFO] DbExamplesSqlite:690 - Set database path to: /home/ashish/.stmcufinder/plugins/mcufinder//mcu/
2021-06-05 16:08:01,330 [INFO] MainPanel:204 - HeapMemory: 268435456
2021-06-05 16:08:01,393 [INFO] DbMcusXml:74 - Set database path to: /opt/st/stm32cubeide_1.6.0/plugins/com.st.stm32cube.common.mx_6.2.1.202103241236//db//mcu/
2021-06-05 16:08:01,393 [INFO] DbBoardsPdsc:56 - Set plugin database path to: /opt/st/stm32cubeide_1.6.0/plugins/com.st.stm32cube.common.mx_6.2.1.202103241236//db//plugins/boardmanager/
2021-06-05 16:08:01,393 [INFO] DbMcus:258 - Set plugin images path to: /opt/st/stm32cubeide_1.6.0/plugins/com.st.stm32cube.common.mx_6.2.1.202103241236//db//plugins/mcufinder/images/
2021-06-05 16:08:01,393 [INFO] DbBoards:264 - Set plugin images path to: /opt/st/stm32cubeide_1.6.0/plugins/com.st.stm32cube.common.mx_6.2.1.202103241236//db//plugins/mcufinder/images/
2021-06-05 16:08:01,394 [INFO] DbExamples:333 - Set plugin images path to: /opt/st/stm32cubeide_1.6.0/plugins/com.st.stm32cube.common.mx_6.2.1.202103241236//db//plugins/mcufinder/images/
2021-06-05 16:08:01,394 [WARN] DbFile:35 - Overriding database path with different value: /home/ashish/.stmcufinder/plugins/mcufinder/ => /home/ashish/.stmcufinder/plugins/mcufinder
2021-06-05 16:08:01,394 [INFO] DbMcusAds:85 - Set database path to: /home/ashish/.stmcufinder/plugins/mcufinder//mcu/
2021-06-05 16:08:01,394 [WARN] DbFile:35 - Overriding database path with different value: /home/ashish/.stmcufinder/plugins/mcufinder/ => /home/ashish/.stmcufinder/plugins/mcufinder
2021-06-05 16:08:01,394 [INFO] DbMcusDocs:110 - Set database path to: /home/ashish/.stmcufinder/plugins/mcufinder//mcu/
2021-06-05 16:08:01,394 [WARN] DbFile:35 - Overriding database path with different value: /home/ashish/.stmcufinder/plugins/mcufinder/ => /home/ashish/.stmcufinder/plugins/mcufinder
2021-06-05 16:08:01,394 [INFO] DbMcusJson:65 - Set database path to: /home/ashish/.stmcufinder/plugins/mcufinder//mcu/
2021-06-05 16:08:01,394 [WARN] DbFile:35 - Overriding database path with different value: /home/ashish/.stmcufinder/plugins/mcufinder/ => /home/ashish/.stmcufinder/plugins/mcufinder
2021-06-05 16:08:01,395 [INFO] DbBoardsDocs:110 - Set database path to: /home/ashish/.stmcufinder/plugins/mcufinder//mcu/
2021-06-05 16:08:01,395 [WARN] DbFile:35 - Overriding database path with different value: /home/ashish/.stmcufinder/plugins/mcufinder/ => /home/ashish/.stmcufinder/plugins/mcufinder
2021-06-05 16:08:01,395 [INFO] DbBoardsJson:58 - Set database path to: /home/ashish/.stmcufinder/plugins/mcufinder//mcu/
2021-06-05 16:08:01,395 [WARN] DbFile:35 - Overriding database path with different value: /home/ashish/.stmcufinder/plugins/mcufinder/ => /home/ashish/.stmcufinder/plugins/mcufinder
2021-06-05 16:08:01,395 [WARN] DbFile:35 - Overriding database path with different value: /home/ashish/.stmcufinder/plugins/mcufinder/ => /home/ashish/.stmcufinder/plugins/mcufinder
2021-06-05 16:08:01,395 [INFO] CrossReferenceDbSqlite:196 - Set database path to: /home/ashish/.stmcufinder/plugins/mcufinder//mcu/cs/
2021-06-05 16:08:01,395 [WARN] DbFile:35 - Overriding database path with different value: /home/ashish/.stmcufinder/plugins/mcufinder/ => /home/ashish/.stmcufinder/plugins/mcufinder
2021-06-05 16:08:01,395 [INFO] DbExamplesSqlite:690 - Set database path to: /home/ashish/.stmcufinder/plugins/mcufinder//mcu/
2021-06-05 16:08:01,409 [INFO] ApplicationProperties:181 - Using Application install path: /opt/st/stm32cubeide_1.6.0/plugins/com.st.stm32cube.common.mx_6.2.1.202103241236
2021-06-05 16:08:01,410 [INFO] PluginManage:178 - Search for loadable plugins [exclusion list=, ]
2021-06-05 16:08:01,411 [INFO] PluginManage:292 - Check plugin analytics
2021-06-05 16:08:01,529 [INFO] AnalyticsPlugin:233 - Accepted Software Licenses: 
2021-06-05 16:08:01,530 [INFO] AnalyticsPlugin:235 - Accepted CMSIS Pack Licenses: 
2021-06-05 16:08:01,530 [INFO] AnalyticsPlugin:237 - Accepted Firmware Licenses: 
2021-06-05 16:08:01,530 [INFO] PluginManage:342 - Loaded plugin analytics (category:tool,tabindex:-1)
2021-06-05 16:08:01,531 [INFO] PluginManage:292 - Check plugin clock
2021-06-05 16:08:01,545 [INFO] PluginManage:342 - Loaded plugin clock (category:base,tabindex:2)
2021-06-05 16:08:01,545 [INFO] PluginManage:292 - Check plugin ddr
2021-06-05 16:08:01,548 [INFO] PluginManage:342 - Loaded plugin ddr (category:tool,tabindex:6)
2021-06-05 16:08:01,548 [INFO] PluginManage:292 - Check plugin filemanager
2021-06-05 16:08:01,676 [INFO] PluginManage:342 - Loaded plugin filemanager (category:base,tabindex:10)
2021-06-05 16:08:01,676 [INFO] PluginManage:292 - Check plugin ipmanager
2021-06-05 16:08:01,682 [INFO] PluginManage:342 - Loaded plugin ipmanager (category:base,tabindex:5)
2021-06-05 16:08:01,683 [INFO] PluginManage:292 - Check plugin pinoutandconfiguration
2021-06-05 16:08:01,690 [INFO] PluginManage:342 - Loaded plugin pinoutandconfiguration (category:base,tabindex:1)
2021-06-05 16:08:01,690 [INFO] PluginManage:292 - Check plugin pinoutconfig
2021-06-05 16:08:01,715 [INFO] PluginManage:342 - Loaded plugin pinoutconfig (category:base,tabindex:0)
2021-06-05 16:08:01,715 [INFO] PluginManage:292 - Check plugin power
2021-06-05 16:08:01,725 [INFO] PluginManage:342 - Loaded plugin power (category:power,tabindex:4)
2021-06-05 16:08:01,725 [INFO] PluginManage:292 - Check plugin projectmanager
2021-06-05 16:08:01,737 [INFO] PluginManage:342 - Loaded plugin projectmanager (category:projectmanager,tabindex:3)
2021-06-05 16:08:01,738 [INFO] PluginManage:292 - Check plugin thirdparty
2021-06-05 16:08:01,832 [INFO] PluginManage:342 - Loaded plugin thirdparty (category:base,tabindex:-1)
2021-06-05 16:08:01,832 [WARN] IntegrityCheckThread:59 - waiting for thirdparty lock release [integrity check]
2021-06-05 16:08:01,832 [INFO] PluginManage:292 - Check plugin tools
2021-06-05 16:08:01,833 [INFO] IntegrityCheckThread:61 - entering critical section [integrity check]
2021-06-05 16:08:01,833 [INFO] ThirdPartyUpdaterWithRetryManager:56 - Updater plugin not ready yet. [1/15]
2021-06-05 16:08:01,834 [INFO] PluginManage:342 - Loaded plugin tools (category:base,tabindex:7)
2021-06-05 16:08:01,835 [INFO] PluginManage:292 - Check plugin tutovideos
2021-06-05 16:08:01,974 [INFO] PluginManage:342 - Loaded plugin tutovideos (category:base,tabindex:-1)
2021-06-05 16:08:01,974 [INFO] PluginManage:292 - Check plugin updater
2021-06-05 16:08:01,984 [INFO] PluginManage:342 - Loaded plugin updater (category:base,tabindex:12)
2021-06-05 16:08:01,985 [INFO] PluginManage:265 - PluginManage : Loaded plugins [13]
2021-06-05 16:08:02,237 [INFO] PinOutPanel:1435 - setPackage(No Configuration,No Configuration)
2021-06-05 16:08:02,293 [INFO] IPUIPlugin:64 - create IPUIPlugin
2021-06-05 16:08:02,294 [INFO] PluginManager:203 - loadIPPluginJar : add dma
2021-06-05 16:08:02,296 [INFO] IPUIPlugin:64 - create IPUIPlugin
2021-06-05 16:08:02,297 [INFO] PluginManager:203 - loadIPPluginJar : add tsc
2021-06-05 16:08:02,298 [INFO] IPUIPlugin:64 - create IPUIPlugin
2021-06-05 16:08:02,298 [INFO] PluginManager:203 - loadIPPluginJar : add fatfs
2021-06-05 16:08:02,302 [INFO] IPUIPlugin:64 - create IPUIPlugin
2021-06-05 16:08:02,302 [INFO] PluginManager:203 - loadIPPluginJar : add i2s
2021-06-05 16:08:02,304 [INFO] IPUIPlugin:64 - create IPUIPlugin
2021-06-05 16:08:02,304 [INFO] PluginManager:203 - loadIPPluginJar : add i2c
2021-06-05 16:08:02,305 [INFO] IPUIPlugin:64 - create IPUIPlugin
2021-06-05 16:08:02,305 [INFO] PluginManager:203 - loadIPPluginJar : add genericplugin
2021-06-05 16:08:02,310 [INFO] IPUIPlugin:64 - create IPUIPlugin
2021-06-05 16:08:02,310 [INFO] PluginManager:203 - loadIPPluginJar : add gpio
2021-06-05 16:08:02,312 [INFO] IPUIPlugin:64 - create IPUIPlugin
2021-06-05 16:08:02,312 [INFO] PluginManager:203 - loadIPPluginJar : add dfsdm
2021-06-05 16:08:02,314 [INFO] IPUIPlugin:64 - create IPUIPlugin
2021-06-05 16:08:02,314 [INFO] PluginManager:203 - loadIPPluginJar : add can
2021-06-05 16:08:02,318 [INFO] IPUIPlugin:64 - create IPUIPlugin
2021-06-05 16:08:02,318 [INFO] PluginManager:203 - loadIPPluginJar : add mdma
2021-06-05 16:08:02,321 [INFO] IPUIPlugin:64 - create IPUIPlugin
2021-06-05 16:08:02,321 [INFO] PluginManager:203 - loadIPPluginJar : add sai
2021-06-05 16:08:02,323 [INFO] IPUIPlugin:64 - create IPUIPlugin
2021-06-05 16:08:02,323 [INFO] PluginManager:203 - loadIPPluginJar : add spi
2021-06-05 16:08:02,326 [INFO] IPUIPlugin:64 - create IPUIPlugin
2021-06-05 16:08:02,326 [INFO] PluginManager:203 - loadIPPluginJar : add gtzc
2021-06-05 16:08:02,328 [INFO] IPUIPlugin:64 - create IPUIPlugin
2021-06-05 16:08:02,328 [INFO] PluginManager:203 - loadIPPluginJar : add usart
2021-06-05 16:08:02,333 [INFO] IPUIPlugin:64 - create IPUIPlugin
2021-06-05 16:08:02,333 [INFO] PluginManager:203 - loadIPPluginJar : add resmgrutility
2021-06-05 16:08:02,337 [INFO] IPUIPlugin:64 - create IPUIPlugin
2021-06-05 16:08:02,337 [INFO] PluginManager:203 - loadIPPluginJar : add fmc
2021-06-05 16:08:02,340 [INFO] IPUIPlugin:64 - create IPUIPlugin
2021-06-05 16:08:02,340 [INFO] PluginManager:203 - loadIPPluginJar : add pdm2pcm
2021-06-05 16:08:02,342 [INFO] IPUIPlugin:64 - create IPUIPlugin
2021-06-05 16:08:02,342 [INFO] PluginManager:203 - loadIPPluginJar : add openamp
2021-06-05 16:08:02,344 [INFO] IPUIPlugin:64 - create IPUIPlugin
2021-06-05 16:08:02,345 [INFO] PluginManager:203 - loadIPPluginJar : add opamp
2021-06-05 16:08:02,350 [INFO] IPUIPlugin:64 - create IPUIPlugin
2021-06-05 16:08:02,351 [INFO] PluginManager:203 - loadIPPluginJar : add freertos
2021-06-05 16:08:02,355 [INFO] IPUIPlugin:64 - create IPUIPlugin
2021-06-05 16:08:02,356 [INFO] PluginManager:203 - loadIPPluginJar : add gic
2021-06-05 16:08:02,357 [INFO] IPUIPlugin:64 - create IPUIPlugin
2021-06-05 16:08:02,358 [INFO] PluginManager:203 - loadIPPluginJar : add hash
2021-06-05 16:08:02,359 [INFO] IPUIPlugin:64 - create IPUIPlugin
2021-06-05 16:08:02,359 [INFO] PluginManager:203 - loadIPPluginJar : add ltdc
2021-06-05 16:08:02,365 [INFO] IPUIPlugin:64 - create IPUIPlugin
2021-06-05 16:08:02,365 [INFO] PluginManager:203 - loadIPPluginJar : add adc
2021-06-05 16:08:02,367 [INFO] IPUIPlugin:64 - create IPUIPlugin
2021-06-05 16:08:02,367 [INFO] PluginManager:203 - loadIPPluginJar : add ucpd
2021-06-05 16:08:02,372 [INFO] IPUIPlugin:64 - create IPUIPlugin
2021-06-05 16:08:02,374 [INFO] PluginManager:203 - loadIPPluginJar : add plateformsettings
2021-06-05 16:08:02,376 [INFO] IPUIPlugin:64 - create IPUIPlugin
2021-06-05 16:08:02,376 [INFO] PluginManager:203 - loadIPPluginJar : add gfxmmu
2021-06-05 16:08:02,378 [INFO] IPUIPlugin:64 - create IPUIPlugin
2021-06-05 16:08:02,378 [INFO] PluginManager:203 - loadIPPluginJar : add cryp
2021-06-05 16:08:02,382 [INFO] IPUIPlugin:64 - create IPUIPlugin
2021-06-05 16:08:02,382 [INFO] PluginManager:203 - loadIPPluginJar : add nvic
2021-06-05 16:08:02,384 [INFO] IPUIPlugin:64 - create IPUIPlugin
2021-06-05 16:08:02,384 [INFO] PluginManager:203 - loadIPPluginJar : add aes
2021-06-05 16:08:02,386 [INFO] IPUIPlugin:64 - create IPUIPlugin
2021-06-05 16:08:02,386 [INFO] PluginManager:203 - loadIPPluginJar : add tracer_emb
2021-06-05 16:08:02,388 [INFO] IPUIPlugin:64 - create IPUIPlugin
2021-06-05 16:08:02,388 [INFO] PluginManager:203 - loadIPPluginJar : add quadspi
2021-06-05 16:08:02,390 [INFO] IPUIPlugin:64 - create IPUIPlugin
2021-06-05 16:08:02,391 [INFO] PluginManager:203 - loadIPPluginJar : add touchsensing
2021-06-05 16:08:02,392 [INFO] IPUIPlugin:64 - create IPUIPlugin
2021-06-05 16:08:02,392 [INFO] PluginManager:203 - loadIPPluginJar : add comp
2021-06-05 16:08:02,394 [INFO] IPUIPlugin:64 - create IPUIPlugin
2021-06-05 16:08:02,394 [INFO] PluginManager:203 - loadIPPluginJar : add ts
2021-06-05 16:08:02,397 [INFO] IPUIPlugin:64 - create IPUIPlugin
2021-06-05 16:08:02,397 [INFO] PluginManager:203 - loadIPPluginJar : add ipddr
2021-06-05 16:08:02,398 [INFO] IPUIPlugin:64 - create IPUIPlugin
2021-06-05 16:08:02,398 [INFO] PluginManager:203 - loadIPPluginJar : add tim
2021-06-05 16:08:02,402 [INFO] IPUIPlugin:64 - create IPUIPlugin
2021-06-05 16:08:02,402 [INFO] PluginManager:203 - loadIPPluginJar : add stm32_wpan
2021-06-05 16:08:02,404 [INFO] IPUIPlugin:64 - create IPUIPlugin
2021-06-05 16:08:02,404 [INFO] PluginManager:203 - loadIPPluginJar : add lorawan
2021-06-05 16:08:02,625 [FATAL] Updater:284 - Updater called before beeing initialized
2021-06-05 16:08:02,689 [FATAL] Updater:284 - Updater called before beeing initialized
2021-06-05 16:08:02,693 [INFO] DbMcusAds:132 - JSON generation date=Mon Mar 01 15:57:39 IST 2021 (1614594459504)
2021-06-05 16:08:02,693 [FATAL] Updater:284 - Updater called before beeing initialized
2021-06-05 16:08:02,726 [WARN] DetailPanel:315 - Failed to get advertising image, set to default
2021-06-05 16:08:02,899 [FATAL] Updater:284 - Updater called before beeing initialized
2021-06-05 16:08:02,901 [FATAL] Updater:284 - Updater called before beeing initialized
2021-06-05 16:08:02,901 [FATAL] Updater:284 - Updater called before beeing initialized
2021-06-05 16:08:02,901 [WARN] DetailPanel:315 - Failed to get advertising image, set to default
2021-06-05 16:08:02,902 [FATAL] Updater:284 - Updater called before beeing initialized
2021-06-05 16:08:02,929 [FATAL] Updater:284 - Updater called before beeing initialized
2021-06-05 16:08:02,929 [WARN] ThirdParty:796 - waiting for thirdparty lock release [close project]
2021-06-05 16:08:04,833 [INFO] ThirdPartyUpdaterWithRetryManager:56 - Updater plugin not ready yet. [2/15]
2021-06-05 16:08:07,834 [FATAL] Updater:284 - Updater called before beeing initialized
2021-06-05 16:08:07,835 [ERROR] AbstractThirdPartyUpdaterManager:153 - class java.lang.Integer cannot be cast to class java.util.List (java.lang.Integer and java.util.List are in module java.base of loader 'bootstrap')
2021-06-05 16:08:07,835 [INFO] ThirdParty:900 - Integrity check success = false
2021-06-05 16:08:07,835 [INFO] IntegrityCheckThread:75 - exiting critical section [integrity check]
2021-06-05 16:08:07,836 [INFO] IntegrityCheckThread:78 - End integrity checks thread
2021-06-05 16:08:07,836 [INFO] ThirdParty:798 - entering critical section [close project]
2021-06-05 16:08:07,838 [INFO] ThirdParty:809 - exiting critical section [close project]
2021-06-05 16:08:07,842 [INFO] PinOutPanel:1435 - setPackage(No Configuration,No Configuration)
2021-06-05 16:08:07,844 [FATAL] Updater:284 - Updater called before beeing initialized
2021-06-05 16:08:07,870 [ERROR] Updater:1065 - MainUpdater not yet initialized. External WinMGr cannot be set.
2021-06-05 16:08:07,873 [INFO] Updater:1002 - Updater Version found : 6.2.1
2021-06-05 16:08:07,894 [INFO] ApplicationProperties:181 - Using Application install path: /opt/st/stm32cubeide_1.6.0/plugins/com.st.stm32cube.common.mx_6.2.1.202103241236
2021-06-05 16:08:07,923 [INFO] MainUpdater:479 - Copy updater definitions from MX database
2021-06-05 16:08:08,979 [INFO] MainUpdater:2661 - connection check result : 10
2021-06-05 16:08:08,979 [INFO] MainUpdater:3349 - Updater definition file requires update
2021-06-05 16:08:08,980 [INFO] MainUpdater:255 - Updater Check For Update Now.
2021-06-05 16:08:08,981 [INFO] MicroXplorer:472 - Change Database Version : DB.6.0.21
2021-06-05 16:08:09,209 [INFO] ServerAccessManage:348 - Download File updaters.zip
2021-06-05 16:08:09,586 [INFO] FileExtend:225 - Unzip File : updaters.zip
2021-06-05 16:08:09,586 [INFO] FileExtend:240 - Standard Zip Deflate
2021-06-05 16:08:09,926 [INFO] ServerAccessManage:348 - Download File PacksControlFlags.xml
2021-06-05 16:08:10,634 [INFO] ServerAccessManage:348 - Download File cubemx.pidx
2021-06-05 16:08:11,272 [INFO] ServerAccessManage:348 - Download File STMicroelectronics.X-CUBE-SUBG2.pdsc
2021-06-05 16:08:15,962 [INFO] ServerAccessManage:348 - Download File SEGGER.I-CUBE-embOS.pdsc
2021-06-05 16:08:17,465 [INFO] CheckServerUpdateThread:102 - End of CheckServer Thread
2021-06-05 16:08:17,469 [WARN] PackLoader:226 - Cannot read IP mode file for STMicroelectronics.X-CUBE-SUBG2.4.1.0
2021-06-05 16:08:17,505 [INFO] MainUpdater:2661 - connection check result : 10
2021-06-05 16:08:17,533 [WARN] PackLoader:226 - Cannot read IP mode file for SEGGER.I-CUBE-embOS.1.2.0
2021-06-05 16:08:17,593 [INFO] PopulateThirdPartyThread:50 - Ending populate Thread
2021-06-05 16:08:17,594 [INFO] ThirdParty:952 - CMSIS Pack Vendor :STMicroelectronics X-CUBE-SUBG2 4.1.0
2021-06-05 16:08:17,594 [INFO] ThirdParty:952 - CMSIS Pack Vendor :SEGGER I-CUBE-embOS 1.2.0
2021-06-05 16:08:17,595 [INFO] LoadServerUpdatesThread:329 - End of LoadServerUpdate Thread
2021-06-05 16:08:18,006 [INFO] ServerAccessManage:348 - Download File ad.zip
2021-06-05 16:08:18,697 [INFO] FileExtend:225 - Unzip File : ad.zip
2021-06-05 16:08:18,698 [INFO] FileExtend:240 - Standard Zip Deflate
2021-06-05 16:08:18,715 [INFO] LoadUrlFilesThread:135 - End of LoadUrlFiles Thread
2021-06-05 16:08:19,271 [INFO] ServerAccessManage:348 - Download File mcusAds.json._tmp_
2021-06-05 16:08:19,274 [INFO] LoadUrlFilesThread:135 - End of LoadUrlFiles Thread
2021-06-05 16:08:20,460 [INFO] ServerAccessManage:348 - Download File mcusDocs.json._tmp_
2021-06-05 16:08:21,295 [INFO] LoadUrlFilesThread:135 - End of LoadUrlFiles Thread
2021-06-05 16:08:21,427 [INFO] ServerAccessManage:348 - Download File mcusFeaturesAndDescription.json._tmp_
2021-06-05 16:08:26,792 [INFO] LoadUrlFilesThread:135 - End of LoadUrlFiles Thread
2021-06-05 16:08:26,936 [INFO] ServerAccessManage:348 - Download File boardsDocs.json._tmp_
2021-06-05 16:08:27,311 [INFO] LoadUrlFilesThread:135 - End of LoadUrlFiles Thread
2021-06-05 16:08:27,439 [INFO] ServerAccessManage:348 - Download File boards.json._tmp_
2021-06-05 16:08:27,853 [INFO] LoadUrlFilesThread:135 - End of LoadUrlFiles Thread
2021-06-05 16:08:28,548 [INFO] ServerAccessManage:348 - Download File cube-finder-db.zip
2021-06-05 16:08:41,848 [INFO] FileExtend:225 - Unzip File : cube-finder-db.zip
2021-06-05 16:08:41,848 [INFO] FileExtend:240 - Standard Zip Deflate
2021-06-05 16:08:42,234 [INFO] LoadUrlFilesThread:135 - End of LoadUrlFiles Thread
2021-06-05 16:08:44,008 [INFO] ServerAccessManage:348 - Download File crdb.zip
2021-06-05 16:08:46,059 [INFO] FileExtend:225 - Unzip File : crdb.zip
2021-06-05 16:08:46,059 [INFO] FileExtend:240 - Standard Zip Deflate
2021-06-05 16:08:46,082 [INFO] LoadUrlFilesThread:135 - End of LoadUrlFiles Thread
2021-06-05 16:08:46,363 [INFO] ServerAccessManage:348 - Download File tutoVideoDB.zip
2021-06-05 16:08:46,391 [INFO] FileExtend:225 - Unzip File : tutoVideoDB.zip
2021-06-05 16:08:46,391 [INFO] FileExtend:240 - Standard Zip Deflate
2021-06-05 16:08:46,405 [INFO] LoadUrlFilesThread:135 - End of LoadUrlFiles Thread
2021-06-05 16:08:46,407 [INFO] DbMcusAds:132 - JSON generation date=Tue May 11 21:02:49 IST 2021 (1620747169502)
2021-06-05 16:08:46,433 [INFO] DbMcusDocs:143 - JSON generation date=Tue Jun 01 11:11:06 IST 2021 (1622526066)
2021-06-05 16:08:46,433 [INFO] DbMcusXml:100 - Load MCU database from /opt/st/stm32cubeide_1.6.0/plugins/com.st.stm32cube.common.mx_6.2.1.202103241236//db//mcu/families.xml
2021-06-05 16:08:47,167 [INFO] DbMcusJson:94 - JSON generation date=Tue Jun 01 11:11:06 IST 2021 (1622526066)
2021-06-05 16:08:47,872 [INFO] DbMcus:175 - Found 1906 MCUs (1866 are supported by CubeMX, 1866 are visible in CubeMX)
2021-06-05 16:08:47,874 [INFO] ApiDb:251 - Load user favorites file /home/ashish/.stm32cubeide/favorites.mcus.txt: 0 item(s)
2021-06-05 16:08:47,874 [INFO] ApiDb:255 - User favorites MCUs=[]
2021-06-05 16:08:47,874 [INFO] DbMcus:187 - Set 0 / 0 favorites MCUs
2021-06-05 16:08:48,023 [INFO] DbMcusDocs:79 - Found 669 MCUs documents
2021-06-05 16:08:48,024 [INFO] ApiDb:276 - Save user favorites file /home/ashish/.stm32cubeide/favorites.mcus.txt: 0 item(s)
2021-06-05 16:08:48,024 [INFO] ApiDb:280 - User favorites MCUs=[]
2021-06-05 16:08:48,024 [INFO] DbMcusXml:100 - Load MCU database from /opt/st/stm32cubeide_1.6.0/plugins/com.st.stm32cube.common.mx_6.2.1.202103241236//db//mcu/families.xml
2021-06-05 16:08:48,449 [INFO] DbMcusJson:94 - JSON generation date=Tue Jun 01 11:11:06 IST 2021 (1622526066)
2021-06-05 16:08:48,943 [INFO] DbMcus:175 - Found 1906 MCUs (1866 are supported by CubeMX, 1866 are visible in CubeMX)
2021-06-05 16:08:48,944 [INFO] ApiDb:251 - Load user favorites file /home/ashish/.stm32cubeide/favorites.mcus.txt: 0 item(s)
2021-06-05 16:08:48,944 [INFO] ApiDb:255 - User favorites MCUs=[]
2021-06-05 16:08:48,944 [INFO] DbMcus:187 - Set 0 / 0 favorites MCUs
2021-06-05 16:08:48,956 [INFO] DbBoardsDocs:143 - JSON generation date=Tue Jun 01 11:22:40 IST 2021 (1622526760)
2021-06-05 16:08:48,962 [INFO] DbBoardsPdsc:90 - Found 9 items
2021-06-05 16:08:48,965 [INFO] DbBoardsPdsc:90 - Found 24 items
2021-06-05 16:08:48,966 [INFO] DbBoardsPdsc:90 - Found 2 items
2021-06-05 16:08:48,972 [INFO] DbBoardsPdsc:90 - Found 46 items
2021-06-05 16:08:48,977 [INFO] DbBoardsPdsc:90 - Found 41 items
2021-06-05 16:08:48,979 [INFO] DbBoardsPdsc:90 - Found 33 items
2021-06-05 16:08:48,980 [INFO] DbBoardsPdsc:90 - Found 1 items
2021-06-05 16:08:48,981 [INFO] DbBoardsPdsc:90 - Found 5 items
2021-06-05 16:08:48,985 [WARN] DbBoardsPdsc:254 - Board STM32H7B3I-DK: unknown feature type=Audio, name=, username=Audio stereo codec with Headphone Amp (CS42L51-CNZ), n=1
2021-06-05 16:08:48,985 [WARN] DbBoardsPdsc:254 - Board STM32H735G-DK: unknown feature type=Audio, name=, username=Audio stereo codec with Headphone Amp (WM8994ECS/R), n=1
2021-06-05 16:08:48,986 [WARN] DbBoardsPdsc:254 - Board STM32WB5MM-DK: unknown feature type=, name=, username=Time-of-Flight and gesture-detection sensor, n=1
2021-06-05 16:08:48,986 [WARN] DbBoardsPdsc:254 - Board STM32WB5MM-DK: unknown feature type=, name=, username=3 push-buttons (2 users and 1 reset) and 1 touch key button, n=1
2021-06-05 16:08:48,986 [WARN] DbBoardsPdsc:254 - Board STM32WB5MM-DK: unknown feature type=, name=, username=Flexible power-supply options: ST-LINK/V2-1 USB connector, 5 V delivered by ARDUINO® or external connector, USB charger, or USB power, n=1
2021-06-05 16:08:48,986 [WARN] DbBoardsPdsc:254 - Board STM32WB5MM-DK: unknown feature type=, name=, username=On-board ST-LINK/V2-1 debugger/programmer with USB re-enumeration capability: Virtual COM port and debug port, n=1
2021-06-05 16:08:48,986 [WARN] DbBoardsPdsc:254 - Board STM32WB5MM-DK: unknown feature type=, name=, username=Comprehensive free software libraries and examples available with the STM32CubeWB MCU Package, n=1
2021-06-05 16:08:48,986 [WARN] DbBoardsPdsc:254 - Board STM32WB5MM-DK: unknown feature type=, name=, username=Support of a wide choice of Integrated Development Environments (IDEs) including IAR Embedded Workbench®, MDK-ARM, and STM32CubeIDE, n=1
2021-06-05 16:08:48,987 [WARN] DbBoardsPdsc:254 - Board STM32H7B3I-EVAL: unknown feature type=Audio, name=, username=Multi-Channel Audio Codec (CS42L51-CNZ), n=1
2021-06-05 16:08:48,987 [WARN] DbBoardsPdsc:254 - Board STM32H7B3I-EVAL: unknown feature type=Meter, name=, username=Power-metering and Temperature-monitoring with sigma-delta modulators, n=1
2021-06-05 16:08:48,987 [WARN] DbBoardsPdsc:254 - Board STM32H7B3I-EVAL: unknown feature type=Motor, name=, username=Motor Control, n=1
2021-06-05 16:08:48,988 [WARN] DbBoardsPdsc:254 - Board NUCLEO-WB15CC: unknown feature type=, name=, username=Three user LEDs, n=1
2021-06-05 16:08:48,988 [WARN] DbBoardsPdsc:254 - Board NUCLEO-WB15CC: unknown feature type=, name=, username=One reset and three user push-buttons, n=1
2021-06-05 16:08:48,988 [WARN] DbBoardsPdsc:254 - Board NUCLEO-WB15CC: unknown feature type=, name=, username=Arduino Uno V3 expansion connector, n=1
2021-06-05 16:08:48,988 [WARN] DbBoardsPdsc:254 - Board NUCLEO-WB15CC: unknown feature type=, name=, username=ST morpho extension pin headers for full access to all STM32WB I/Os, n=1
2021-06-05 16:08:48,988 [WARN] DbBoardsPdsc:254 - Board NUCLEO-WB15CC: unknown feature type=, name=, username=Integrated PCB antenna and SMA connector footprint, n=1
2021-06-05 16:08:48,988 [WARN] DbBoardsPdsc:254 - Board NUCLEO-WB15CC: unknown feature type=, name=, username=Flexible power-supply options: ST-LINK, USB VBUS, or external sources, n=1
2021-06-05 16:08:48,988 [WARN] DbBoardsPdsc:254 - Board NUCLEO-WB15CC: unknown feature type=, name=, username=On-board footprint to mount a CR2032 battery socket, n=1
2021-06-05 16:08:48,988 [WARN] DbBoardsPdsc:254 - Board NUCLEO-WB15CC: unknown feature type=, name=, username=On-board ST-LINK/V2-1 debugger/programmer with USB re-enumeration capability: mass storage, Virtual COM port, and debug port, n=1
2021-06-05 16:08:48,988 [WARN] DbBoardsPdsc:254 - Board NUCLEO-WB15CC: unknown feature type=, name=, username=Comprehensive free software libraries and examples available with the STM32CubeWB MCU Package, n=1
2021-06-05 16:08:48,989 [WARN] DbBoardsPdsc:254 - Board NUCLEO-WB15CC: unknown feature type=, name=, username=Support of a wide choice of Integrated Development Environments (IDEs) including IAR Embedded Workbench, MDK-ARM, STM32CubeIDE, and Mbed Studio, n=1
2021-06-05 16:08:48,997 [INFO] DbBoardsJson:87 - JSON generation date=Tue Jun 01 11:22:40 IST 2021 (1622526760)
2021-06-05 16:08:49,002 [INFO] DbBoards:117 - Found 161 boards (158 are supported by CubeMX)
2021-06-05 16:08:49,008 [INFO] DbBoardsDocs:143 - JSON generation date=Tue Jun 01 11:22:40 IST 2021 (1622526760)
2021-06-05 16:08:49,021 [INFO] DbBoardsDocs:79 - Found 193 boards documents
2021-06-05 16:08:49,022 [WARN] DbBoards:127 - board B-L462E-CELL1 has no document id list !
2021-06-05 16:08:49,022 [WARN] DbBoards:127 - board B-L475E-IOT01A2 has no document id list !
2021-06-05 16:08:49,023 [WARN] DbBoards:127 - board NUCLEO-G0B1RE has no document id list !
2021-06-05 16:08:49,023 [WARN] DbBoards:127 - board NUCLEO-H743ZI has no document id list !
2021-06-05 16:08:49,024 [WARN] DbBoards:127 - board NUCLEO-L4A6ZG has no document id list !
2021-06-05 16:08:49,024 [WARN] DbBoards:127 - board NUCLEO-WB15CC has no document id list !
2021-06-05 16:08:49,024 [WARN] DbBoards:127 - board NUCLEO-WB55RG has no document id list !
2021-06-05 16:08:49,024 [WARN] DbBoards:127 - board NUCLEO-WL55JC2 has no document id list !
2021-06-05 16:08:49,024 [WARN] DbBoards:127 - board P-NUCLEO-WB55-Nucleo has no document id list !
2021-06-05 16:08:49,024 [WARN] DbBoards:127 - board P-NUCLEO-WB55-USBDongle has no document id list !
2021-06-05 16:08:49,024 [WARN] DbBoards:127 - board STEVAL-BFA001V1B has no document id list !
2021-06-05 16:08:49,024 [WARN] DbBoards:127 - board STEVAL-BFA001V2B has no document id list !
2021-06-05 16:08:49,024 [WARN] DbBoards:127 - board STEVAL-IDP005V1 has no document id list !
2021-06-05 16:08:49,024 [WARN] DbBoards:127 - board STEVAL-IDP005V2 has no document id list !
2021-06-05 16:08:49,024 [WARN] DbBoards:127 - board STEVAL-MKSBOX1V1 has no document id list !
2021-06-05 16:08:49,024 [WARN] DbBoards:127 - board STEVAL-STWINKT1 has no document id list !
2021-06-05 16:08:49,024 [WARN] DbBoards:127 - board STEVAL-STWINKT1B has no document id list !
2021-06-05 16:08:49,025 [WARN] DbBoards:127 - board STM32F401C-DISCO has no document id list !
2021-06-05 16:08:49,025 [WARN] DbBoards:127 - board STM32F769I-DISC1 has no document id list !
2021-06-05 16:08:49,026 [WARN] DbBoards:127 - board STM32G0C1E-EV has no document id list !
2021-06-05 16:08:49,026 [WARN] DbBoards:127 - board STM32G474E-EVAL1 has no document id list !
2021-06-05 16:08:49,026 [WARN] DbBoards:127 - board STM32H743I-EVAL2 has no document id list !
2021-06-05 16:08:49,026 [WARN] DbBoards:127 - board STM32H747I-DISC1 has no document id list !
2021-06-05 16:08:49,026 [WARN] DbBoards:127 - board STM32H753I-EVAL2 has no document id list !
2021-06-05 16:08:49,026 [WARN] DbBoards:127 - board STM32L-DISCOVERY has no document id list !
2021-06-05 16:08:49,027 [WARN] DbBoards:127 - board STM32MP157A-DK1 has no document id list !
2021-06-05 16:08:49,027 [WARN] DbBoards:127 - board STM32MP157F-DK2 has no document id list !
2021-06-05 16:08:49,027 [WARN] DbBoards:127 - board STM32MP157F-EV1 has no document id list !
2021-06-05 16:08:49,027 [WARN] DbBoards:127 - board STM32WB5MM-DK has no document id list !
2021-06-05 16:08:50,148 [INFO] ApiDb:251 - Load user favorites file /home/ashish/.stm32cubeide/favorites.boards.txt: 0 item(s)
2021-06-05 16:08:50,148 [INFO] ApiDb:255 - User favorites Boards=[]
2021-06-05 16:08:50,148 [INFO] DbBoards:206 - Set 0 / 0 favorites Boards
2021-06-05 16:08:50,159 [INFO] DbBoardsDocs:79 - Found 386 boards documents
2021-06-05 16:08:50,159 [INFO] ApiDb:276 - Save user favorites file /home/ashish/.stm32cubeide/favorites.boards.txt: 0 item(s)
2021-06-05 16:08:50,159 [INFO] ApiDb:280 - User favorites Boards=[]
2021-06-05 16:08:50,160 [INFO] DbBoardsPdsc:90 - Found 9 items
2021-06-05 16:08:50,161 [INFO] DbBoardsPdsc:90 - Found 24 items
2021-06-05 16:08:50,162 [INFO] DbBoardsPdsc:90 - Found 2 items
2021-06-05 16:08:50,165 [INFO] DbBoardsPdsc:90 - Found 46 items
2021-06-05 16:08:50,167 [INFO] DbBoardsPdsc:90 - Found 41 items
2021-06-05 16:08:50,169 [INFO] DbBoardsPdsc:90 - Found 33 items
2021-06-05 16:08:50,169 [INFO] DbBoardsPdsc:90 - Found 1 items
2021-06-05 16:08:50,170 [INFO] DbBoardsPdsc:90 - Found 5 items
2021-06-05 16:08:50,172 [WARN] DbBoardsPdsc:254 - Board STM32H7B3I-DK: unknown feature type=Audio, name=, username=Audio stereo codec with Headphone Amp (CS42L51-CNZ), n=1
2021-06-05 16:08:50,172 [WARN] DbBoardsPdsc:254 - Board STM32H735G-DK: unknown feature type=Audio, name=, username=Audio stereo codec with Headphone Amp (WM8994ECS/R), n=1
2021-06-05 16:08:50,172 [WARN] DbBoardsPdsc:254 - Board STM32WB5MM-DK: unknown feature type=, name=, username=Time-of-Flight and gesture-detection sensor, n=1
2021-06-05 16:08:50,172 [WARN] DbBoardsPdsc:254 - Board STM32WB5MM-DK: unknown feature type=, name=, username=3 push-buttons (2 users and 1 reset) and 1 touch key button, n=1
2021-06-05 16:08:50,172 [WARN] DbBoardsPdsc:254 - Board STM32WB5MM-DK: unknown feature type=, name=, username=Flexible power-supply options: ST-LINK/V2-1 USB connector, 5 V delivered by ARDUINO® or external connector, USB charger, or USB power, n=1
2021-06-05 16:08:50,172 [WARN] DbBoardsPdsc:254 - Board STM32WB5MM-DK: unknown feature type=, name=, username=On-board ST-LINK/V2-1 debugger/programmer with USB re-enumeration capability: Virtual COM port and debug port, n=1
2021-06-05 16:08:50,172 [WARN] DbBoardsPdsc:254 - Board STM32WB5MM-DK: unknown feature type=, name=, username=Comprehensive free software libraries and examples available with the STM32CubeWB MCU Package, n=1
2021-06-05 16:08:50,172 [WARN] DbBoardsPdsc:254 - Board STM32WB5MM-DK: unknown feature type=, name=, username=Support of a wide choice of Integrated Development Environments (IDEs) including IAR Embedded Workbench®, MDK-ARM, and STM32CubeIDE, n=1
2021-06-05 16:08:50,173 [WARN] DbBoardsPdsc:254 - Board STM32H7B3I-EVAL: unknown feature type=Audio, name=, username=Multi-Channel Audio Codec (CS42L51-CNZ), n=1
2021-06-05 16:08:50,173 [WARN] DbBoardsPdsc:254 - Board STM32H7B3I-EVAL: unknown feature type=Meter, name=, username=Power-metering and Temperature-monitoring with sigma-delta modulators, n=1
2021-06-05 16:08:50,173 [WARN] DbBoardsPdsc:254 - Board STM32H7B3I-EVAL: unknown feature type=Motor, name=, username=Motor Control, n=1
2021-06-05 16:08:50,174 [WARN] DbBoardsPdsc:254 - Board NUCLEO-WB15CC: unknown feature type=, name=, username=Three user LEDs, n=1
2021-06-05 16:08:50,174 [WARN] DbBoardsPdsc:254 - Board NUCLEO-WB15CC: unknown feature type=, name=, username=One reset and three user push-buttons, n=1
2021-06-05 16:08:50,174 [WARN] DbBoardsPdsc:254 - Board NUCLEO-WB15CC: unknown feature type=, name=, username=Arduino Uno V3 expansion connector, n=1
2021-06-05 16:08:50,174 [WARN] DbBoardsPdsc:254 - Board NUCLEO-WB15CC: unknown feature type=, name=, username=ST morpho extension pin headers for full access to all STM32WB I/Os, n=1
2021-06-05 16:08:50,174 [WARN] DbBoardsPdsc:254 - Board NUCLEO-WB15CC: unknown feature type=, name=, username=Integrated PCB antenna and SMA connector footprint, n=1
2021-06-05 16:08:50,174 [WARN] DbBoardsPdsc:254 - Board NUCLEO-WB15CC: unknown feature type=, name=, username=Flexible power-supply options: ST-LINK, USB VBUS, or external sources, n=1
2021-06-05 16:08:50,174 [WARN] DbBoardsPdsc:254 - Board NUCLEO-WB15CC: unknown feature type=, name=, username=On-board footprint to mount a CR2032 battery socket, n=1
2021-06-05 16:08:50,174 [WARN] DbBoardsPdsc:254 - Board NUCLEO-WB15CC: unknown feature type=, name=, username=On-board ST-LINK/V2-1 debugger/programmer with USB re-enumeration capability: mass storage, Virtual COM port, and debug port, n=1
2021-06-05 16:08:50,174 [WARN] DbBoardsPdsc:254 - Board NUCLEO-WB15CC: unknown feature type=, name=, username=Comprehensive free software libraries and examples available with the STM32CubeWB MCU Package, n=1
2021-06-05 16:08:50,174 [WARN] DbBoardsPdsc:254 - Board NUCLEO-WB15CC: unknown feature type=, name=, username=Support of a wide choice of Integrated Development Environments (IDEs) including IAR Embedded Workbench, MDK-ARM, STM32CubeIDE, and Mbed Studio, n=1
2021-06-05 16:08:50,194 [INFO] DbBoardsJson:87 - JSON generation date=Tue Jun 01 11:22:40 IST 2021 (1622526760)
2021-06-05 16:08:50,198 [INFO] DbBoards:117 - Found 161 boards (158 are supported by CubeMX)
2021-06-05 16:08:50,199 [WARN] DbBoards:127 - board B-L462E-CELL1 has no document id list !
2021-06-05 16:08:50,199 [WARN] DbBoards:127 - board B-L475E-IOT01A2 has no document id list !
2021-06-05 16:08:50,200 [WARN] DbBoards:127 - board NUCLEO-G0B1RE has no document id list !
2021-06-05 16:08:50,200 [WARN] DbBoards:127 - board NUCLEO-H743ZI has no document id list !
2021-06-05 16:08:50,201 [WARN] DbBoards:127 - board NUCLEO-L4A6ZG has no document id list !
2021-06-05 16:08:50,201 [WARN] DbBoards:127 - board NUCLEO-WB15CC has no document id list !
2021-06-05 16:08:50,201 [WARN] DbBoards:127 - board NUCLEO-WB55RG has no document id list !
2021-06-05 16:08:50,201 [WARN] DbBoards:127 - board NUCLEO-WL55JC2 has no document id list !
2021-06-05 16:08:50,201 [WARN] DbBoards:127 - board P-NUCLEO-WB55-Nucleo has no document id list !
2021-06-05 16:08:50,201 [WARN] DbBoards:127 - board P-NUCLEO-WB55-USBDongle has no document id list !
2021-06-05 16:08:50,201 [WARN] DbBoards:127 - board STEVAL-BFA001V1B has no document id list !
2021-06-05 16:08:50,201 [WARN] DbBoards:127 - board STEVAL-BFA001V2B has no document id list !
2021-06-05 16:08:50,201 [WARN] DbBoards:127 - board STEVAL-IDP005V1 has no document id list !
2021-06-05 16:08:50,201 [WARN] DbBoards:127 - board STEVAL-IDP005V2 has no document id list !
2021-06-05 16:08:50,201 [WARN] DbBoards:127 - board STEVAL-MKSBOX1V1 has no document id list !
2021-06-05 16:08:50,201 [WARN] DbBoards:127 - board STEVAL-STWINKT1 has no document id list !
2021-06-05 16:08:50,201 [WARN] DbBoards:127 - board STEVAL-STWINKT1B has no document id list !
2021-06-05 16:08:50,202 [WARN] DbBoards:127 - board STM32F401C-DISCO has no document id list !
2021-06-05 16:08:50,202 [WARN] DbBoards:127 - board STM32F769I-DISC1 has no document id list !
2021-06-05 16:08:50,203 [WARN] DbBoards:127 - board STM32G0C1E-EV has no document id list !
2021-06-05 16:08:50,203 [WARN] DbBoards:127 - board STM32G474E-EVAL1 has no document id list !
2021-06-05 16:08:50,203 [WARN] DbBoards:127 - board STM32H743I-EVAL2 has no document id list !
2021-06-05 16:08:50,203 [WARN] DbBoards:127 - board STM32H747I-DISC1 has no document id list !
2021-06-05 16:08:50,203 [WARN] DbBoards:127 - board STM32H753I-EVAL2 has no document id list !
2021-06-05 16:08:50,203 [WARN] DbBoards:127 - board STM32L-DISCOVERY has no document id list !
2021-06-05 16:08:50,204 [WARN] DbBoards:127 - board STM32MP157A-DK1 has no document id list !
2021-06-05 16:08:50,204 [WARN] DbBoards:127 - board STM32MP157F-DK2 has no document id list !
2021-06-05 16:08:50,204 [WARN] DbBoards:127 - board STM32MP157F-EV1 has no document id list !
2021-06-05 16:08:50,204 [WARN] DbBoards:127 - board STM32WB5MM-DK has no document id list !
2021-06-05 16:08:50,876 [INFO] ApiDb:251 - Load user favorites file /home/ashish/.stm32cubeide/favorites.boards.txt: 0 item(s)
2021-06-05 16:08:50,876 [INFO] ApiDb:255 - User favorites Boards=[]
2021-06-05 16:08:50,877 [INFO] DbBoards:206 - Set 0 / 0 favorites Boards
2021-06-05 16:08:50,937 [INFO] ApiDb:479 - Connected to CubeFinder SQLite database (/home/ashish/.stmcufinder/plugins/mcufinder/mcu/cube-finder-db.db)
2021-06-05 16:08:51,289 [INFO] DbExamplesSqlite:401 - Ignored 36 examples not supported by CubeIDE
2021-06-05 16:08:51,289 [INFO] DbExamplesSqlite:402 - Found 4835 examples active
2021-06-05 16:08:51,289 [INFO] DbExamplesSqlite:403 - Found 274 examples obsolete
2021-06-05 16:08:51,289 [INFO] DbExamplesSqlite:404 - Found 0 examples under development
2021-06-05 16:08:51,290 [INFO] DbExamplesSqlite:405 - Found 76 examples not building
2021-06-05 16:08:51,301 [INFO] DbExamplesSqlite:104 - CubeFinder database Data Model version=2.1
2021-06-05 16:08:51,301 [INFO] DbExamplesSqlite:105 - CubeFinder database Configuration version=3.0-WIP12
2021-06-05 16:08:51,302 [INFO] DbExamplesSqlite:106 - CubeFinder database generation date=2021-05-10 (1620656699)
2021-06-05 16:08:51,302 [INFO] DbExamplesSqlite:107 - CubeFinder database FW Pack versions=[STM32Cube_FW_F4_V1.26.1, STM32Cube_FW_F7_V1.16.1, STM32Cube_FW_G0_V1.4.1, STM32Cube_FW_G4_V1.4.0, STM32Cube_FW_H7_V1.9.0, STM32Cube_FW_L5_V1.4.0, STM32Cube_FW_WB_V1.11.1, STM32Cube_FW_WL_V1.0.0, X-CUBE-AZRTOS-H7_V1.0.0, X-CUBE-BLE1_V6.2.0, X-CUBE-BLE2_V3.2.0, X-CUBE-GNSS1_V5.2.0]
2021-06-05 16:08:51,302 [INFO] DbExamples:130 - Found 4875 examples
2021-06-05 16:08:51,634 [ERROR] DbExamples:206 - Found 301 examples with invalid data (board or MCU)
2021-06-05 16:08:51,634 [INFO] DbExamples:222 - Found 63 boards with related examples
2021-06-05 16:08:51,646 [INFO] DbExamples:235 - Found 52 MCUs with related examples
2021-06-05 16:08:51,660 [INFO] ApiDb:242 - User favorites file not found: /home/ashish/.stm32cubeide/favorites.examples.txt
2021-06-05 16:08:51,661 [INFO] DbExamples:256 - Set 0 / 0 favorites Examples
2021-06-05 16:08:51,788 [INFO] CrossSelectorPresenter:1330 - Cross Selector saved comparison directory: /home/ashish/.stmcufinder/plugins/mcufinder/mcu/cs_comparisons_mx
2021-06-05 16:08:51,795 [INFO] MultiScanPanel:200 - Auto-refresh data requested => check proxy status ongoing
2021-06-05 16:08:51,798 [INFO] FinderPluginLoader:87 - Searching for filters in installed packs
2021-06-05 16:08:52,271 [WARN] DetailPanel:315 - Failed to get advertising image, set to default
2021-06-05 16:09:07,853 [INFO] ApiDb:276 - Save user favorites file /home/ashish/.stm32cubeide/favorites.mcus.txt: 0 item(s)
2021-06-05 16:09:07,853 [INFO] ApiDb:280 - User favorites MCUs=[]
2021-06-05 16:09:28,166 [INFO] MainUpdater:2661 - connection check result : 10
2021-06-05 16:09:28,214 [INFO] CrossSelectorPresenter:1330 - Cross Selector saved comparison directory: /home/ashish/.stmcufinder/plugins/mcufinder/mcu/cs_comparisons_mx
2021-06-05 16:09:28,215 [INFO] MultiScanPanel:200 - Auto-refresh data requested => check proxy status ongoing
2021-06-05 16:09:28,215 [INFO] FinderPluginLoader:87 - Searching for filters in installed packs
2021-06-05 16:09:28,359 [WARN] DetailPanel:315 - Failed to get advertising image, set to default
2021-06-05 16:09:42,000 [INFO] ApiDb:276 - Save user favorites file /home/ashish/.stm32cubeide/favorites.mcus.txt: 0 item(s)
2021-06-05 16:09:42,000 [INFO] ApiDb:280 - User favorites MCUs=[]
2021-06-05 16:10:23,399 [INFO] MainUpdater:2661 - connection check result : 10
2021-06-05 16:10:23,436 [INFO] CrossSelectorPresenter:1330 - Cross Selector saved comparison directory: /home/ashish/.stmcufinder/plugins/mcufinder/mcu/cs_comparisons_mx
2021-06-05 16:10:23,437 [INFO] MultiScanPanel:200 - Auto-refresh data requested => check proxy status ongoing
2021-06-05 16:10:23,437 [INFO] FinderPluginLoader:87 - Searching for filters in installed packs
2021-06-05 16:10:23,586 [WARN] DetailPanel:315 - Failed to get advertising image, set to default
